<?xml version="1.0" encoding="UTF-8"?>
<!-- Generated by org.testng.reporters.JUnitXMLReporter -->
<testsuite hostname="a-PC" name="Default test" tests="4" failures="0" timestamp="2 May 2016 16:43:31 GMT" time="35.992" errors="0">
  <testcase name="testC" time="32.59" classname="com.qtpselenium.core.ddf.testcases.DummyTestC">
    <skipped/>
  </testcase> <!-- testC -->
  <testcase name="testC" time="1.622" classname="com.qtpselenium.core.ddf.testcases.DummyTestC">
    <skipped/>
  </testcase> <!-- testC -->
  <testcase name="testC" time="0.429" classname="com.qtpselenium.core.ddf.testcases.DummyTestC">
    <skipped/>
  </testcase> <!-- testC -->
  <testcase name="testC" time="0.366" classname="com.qtpselenium.core.ddf.testcases.DummyTestC">
    <skipped/>
  </testcase> <!-- testC -->
</testsuite> <!-- Default test -->
