<?xml version="1.0" encoding="UTF-8"?>
<!-- Generated by org.testng.reporters.JUnitXMLReporter -->
<testsuite hostname="a-PC" name="Lead Test" tests="9" failures="1" timestamp="15 May 2016 08:29:43 GMT" time="230.476" errors="0">
  <testcase name="createLeadTest" time="0.388" classname="com.qtpselenium.zoho.project.testcases.LeadTest">
    <skipped/>
  </testcase> <!-- createLeadTest -->
  <testcase name="createLeadTest" time="0.394" classname="com.qtpselenium.zoho.project.testcases.LeadTest">
    <skipped/>
  </testcase> <!-- createLeadTest -->
  <testcase name="createLeadTest" time="0.472" classname="com.qtpselenium.zoho.project.testcases.LeadTest">
    <skipped/>
  </testcase> <!-- createLeadTest -->
  <testcase name="createLeadTest" time="122.233" classname="com.qtpselenium.zoho.project.testcases.LeadTest"/>
  <testcase name="convertLeadTest" time="0.002" classname="com.qtpselenium.zoho.project.testcases.LeadTest">
    <skipped/>
  </testcase> <!-- convertLeadTest -->
  <testcase name="convertLeadTest" time="0.013" classname="com.qtpselenium.zoho.project.testcases.LeadTest">
    <skipped/>
  </testcase> <!-- convertLeadTest -->
  <testcase name="convertLeadTest" time="0.048" classname="com.qtpselenium.zoho.project.testcases.LeadTest">
    <skipped/>
  </testcase> <!-- convertLeadTest -->
  <testcase name="convertLeadTest" time="51.215" classname="com.qtpselenium.zoho.project.testcases.LeadTest"/>
  <testcase name="deleteLeadAccountTest" time="54.757" classname="com.qtpselenium.zoho.project.testcases.LeadTest">
    <failure type="java.lang.AssertionError" message="Lead not found Chambers">
      <![CDATA[java.lang.AssertionError: Lead not found Chambers
	at com.qtpselenium.zoho.project.base.BaseTest.reportFailure(BaseTest.java:205)
	at com.qtpselenium.zoho.project.base.BaseTest.clickOnLead(BaseTest.java:304)
	at com.qtpselenium.zoho.project.testcases.LeadTest.deleteLeadAccountTest(LeadTest.java:97)
	at java.util.concurrent.FutureTask.run(Unknown Source)
	at java.util.concurrent.Executors$RunnableAdapter.call(Unknown Source)
	at java.util.concurrent.FutureTask.run(Unknown Source)
	at java.util.concurrent.ThreadPoolExecutor.runWorker(Unknown Source)
	at java.util.concurrent.ThreadPoolExecutor$Worker.run(Unknown Source)
	at java.lang.Thread.run(Unknown Source)
... Removed 10 stack frames]]>
    </failure>
  </testcase> <!-- deleteLeadAccountTest -->
</testsuite> <!-- Lead Test -->
