<?xml version="1.0" encoding="UTF-8"?>
<testng-results skipped="0" failed="0" total="1" passed="1">
  <reporter-output>
  </reporter-output>
  <suite name="Command line suite" duration-ms="60" started-at="2016-05-06T05:19:59Z" finished-at="2016-05-06T05:19:59Z">
    <groups>
    </groups>
    <test name="Command line test" duration-ms="60" started-at="2016-05-06T05:19:59Z" finished-at="2016-05-06T05:19:59Z">
      <class name="com.qtpselenium.zoho.project.AppTest">
        <test-method status="PASS" signature="testApp()[pri:0, instance:testApp(com.qtpselenium.zoho.project.AppTest)]" name="testApp" duration-ms="1" started-at="2016-05-06T10:49:59Z" finished-at="2016-05-06T10:49:59Z">
          <reporter-output>
          </reporter-output>
        </test-method> <!-- testApp -->
      </class> <!-- com.qtpselenium.zoho.project.AppTest -->
    </test> <!-- Command line test -->
  </suite> <!-- Command line suite -->
</testng-results>
