<?xml version="1.0" encoding="UTF-8"?>
<!-- Generated by org.testng.reporters.JUnitXMLReporter -->
<testsuite hostname="a-PC" name="TestB" tests="2" failures="0" timestamp="2 May 2016 16:45:18 GMT" time="0.528" errors="0">
  <testcase name="testB" time="0.002" classname="com.qtpselenium.core.ddf.testcases.DummyTestB">
    <skipped/>
  </testcase> <!-- testB -->
  <testcase name="testB" time="0.002" classname="com.qtpselenium.core.ddf.testcases.DummyTestB">
    <skipped/>
  </testcase> <!-- testB -->
</testsuite> <!-- TestB -->
