<?xml version="1.0" encoding="UTF-8"?>
<!-- Generated by org.testng.reporters.JUnitXMLReporter -->
<testsuite hostname="a-PC" name="TestC" tests="4" failures="0" timestamp="2 May 2016 16:45:18 GMT" time="0.2" errors="0">
  <testcase name="testC" time="0.002" classname="com.qtpselenium.core.ddf.testcases.DummyTestC"/>
  <testcase name="testC" time="0.001" classname="com.qtpselenium.core.ddf.testcases.DummyTestC">
    <skipped/>
  </testcase> <!-- testC -->
  <testcase name="testC" time="0.001" classname="com.qtpselenium.core.ddf.testcases.DummyTestC"/>
  <testcase name="testC" time="0.001" classname="com.qtpselenium.core.ddf.testcases.DummyTestC">
    <skipped/>
  </testcase> <!-- testC -->
</testsuite> <!-- TestC -->
