<?xml version="1.0" encoding="UTF-8"?>
<testng-results skipped="0" failed="0" total="1" passed="1">
  <reporter-output>
  </reporter-output>
  <suite name="Default suite" duration-ms="6449" started-at="2016-10-15T05:47:38Z" finished-at="2016-10-15T05:47:45Z">
    <groups>
    </groups>
    <test name="Default test" duration-ms="6449" started-at="2016-10-15T05:47:38Z" finished-at="2016-10-15T05:47:45Z">
      <class name="testcases.CreateLeadTest">
        <test-method status="PASS" signature="connect()[pri:0, instance:testcases.CreateLeadTest@326de728]" name="connect" is-config="true" duration-ms="197" started-at="2016-10-15T11:17:38Z" finished-at="2016-10-15T11:17:38Z">
          <reporter-output>
          </reporter-output>
        </test-method> <!-- connect -->
        <test-method status="PASS" signature="createLeadTest()[pri:0, instance:testcases.CreateLeadTest@326de728]" name="createLeadTest" duration-ms="6241" started-at="2016-10-15T11:17:38Z" finished-at="2016-10-15T11:17:45Z">
          <reporter-output>
          </reporter-output>
        </test-method> <!-- createLeadTest -->
        <test-method status="PASS" signature="disConnect()[pri:0, instance:testcases.CreateLeadTest@326de728]" name="disConnect" is-config="true" duration-ms="1" started-at="2016-10-15T11:17:45Z" finished-at="2016-10-15T11:17:45Z">
          <reporter-output>
          </reporter-output>
        </test-method> <!-- disConnect -->
      </class> <!-- testcases.CreateLeadTest -->
    </test> <!-- Default test -->
  </suite> <!-- Default suite -->
</testng-results>
