<?xml version="1.0" encoding="UTF-8" ?>
<testsuite tests="14" failures="2" name="TestSuite" time="271.566" errors="0" skipped="7">
  <properties>
[...]
</properties>
  <testcase classname="com.qtpselenium.zoho.project.testcases.LoginTest" name="doLoginTest" time="0">
    <skipped/>
    <system-out>Configuring TestNG with: org.apache.maven.surefire.testng.conf.TestNG652Configurator@6073f712
xxxxx 1
xxxxx 2
A
Test starts from row - 1
Total rows are  - 2
Total cols are  - 5
</system-out>
  </testcase>
  <testcase classname="com.qtpselenium.zoho.project.testcases.LoginTest" name="doLoginTest" time="2.831">
    <failure message="unknown error: cannot get automation extension
from disconnected: Unable to receive message from renderer
  (Session info: chrome=50.0.2661.94)
  (Driver info: chromedriver=2.13.307647 (5a7d0541ebc58e69994a6fb2ed930f45261f3c29),platform=Windows NT 6.1 x86_64) (WARNING: The server did not provide any stacktrace information)
Command duration or timeout: 895 milliseconds
Build info: version: &apos;2.52.0&apos;, revision: &apos;4c2593cfc3689a7fcd7be52549167e5ccc93ad28&apos;, time: &apos;2016-02-11 11:22:43&apos;
System info: host: &apos;a-PC&apos;, ip: &apos;192.168.1.111&apos;, os.name: &apos;Windows 7&apos;, os.arch: &apos;amd64&apos;, os.version: &apos;6.1&apos;, java.version: &apos;1.8.0_05&apos;
Driver info: org.openqa.selenium.chrome.ChromeDriver
Capabilities [{applicationCacheEnabled=false, rotatable=false, mobileEmulationEnabled=false, chrome={userDataDir=C:\Users\a\AppData\Local\Temp\scoped_dir6576_25829}, takesHeapSnapshot=true, databaseEnabled=false, handlesAlerts=true, version=50.0.2661.94, platform=XP, browserConnectionEnabled=false, nativeEvents=true, acceptSslCerts=true, locationContextEnabled=true, webStorageEnabled=true, browserName=chrome, takesScreenshot=true, javascriptEnabled=true, cssSelectorsEnabled=true}]
Session ID: b53bd2b79f88111023c41ab503a72205" type="org.openqa.selenium.WebDriverException">org.openqa.selenium.WebDriverException: unknown error: cannot get automation extension
from disconnected: Unable to receive message from renderer
  (Session info: chrome=50.0.2661.94)
  (Driver info: chromedriver=2.13.307647 (5a7d0541ebc58e69994a6fb2ed930f45261f3c29),platform=Windows NT 6.1 x86_64) (WARNING: The server did not provide any stacktrace information)
Command duration or timeout: 895 milliseconds
Build info: version: &apos;2.52.0&apos;, revision: &apos;4c2593cfc3689a7fcd7be52549167e5ccc93ad28&apos;, time: &apos;2016-02-11 11:22:43&apos;
System info: host: &apos;a-PC&apos;, ip: &apos;192.168.1.111&apos;, os.name: &apos;Windows 7&apos;, os.arch: &apos;amd64&apos;, os.version: &apos;6.1&apos;, java.version: &apos;1.8.0_05&apos;
Driver info: org.openqa.selenium.chrome.ChromeDriver
Capabilities [{applicationCacheEnabled=false, rotatable=false, mobileEmulationEnabled=false, chrome={userDataDir=C:\Users\a\AppData\Local\Temp\scoped_dir6576_25829}, takesHeapSnapshot=true, databaseEnabled=false, handlesAlerts=true, version=50.0.2661.94, platform=XP, browserConnectionEnabled=false, nativeEvents=true, acceptSslCerts=true, locationContextEnabled=true, webStorageEnabled=true, browserName=chrome, takesScreenshot=true, javascriptEnabled=true, cssSelectorsEnabled=true}]
Session ID: b53bd2b79f88111023c41ab503a72205
	at sun.reflect.NativeConstructorAccessorImpl.newInstance0(Native Method)
	at sun.reflect.NativeConstructorAccessorImpl.newInstance(NativeConstructorAccessorImpl.java:62)
	at sun.reflect.DelegatingConstructorAccessorImpl.newInstance(DelegatingConstructorAccessorImpl.java:45)
	at java.lang.reflect.Constructor.newInstance(Constructor.java:408)
	at org.openqa.selenium.remote.ErrorHandler.createThrowable(ErrorHandler.java:206)
	at org.openqa.selenium.remote.ErrorHandler.throwIfResponseFailed(ErrorHandler.java:158)
	at org.openqa.selenium.remote.RemoteWebDriver.execute(RemoteWebDriver.java:678)
	at org.openqa.selenium.remote.RemoteWebDriver$RemoteWebDriverOptions$RemoteWindow.maximize(RemoteWebDriver.java:945)
	at com.qtpselenium.zoho.project.base.BaseTest.openBrowser(BaseTest.java:81)
	at com.qtpselenium.zoho.project.testcases.LoginTest.doLoginTest(LoginTest.java:37)
</failure>
    <system-err>log4j:WARN No appenders could be found for logger (freemarker.cache).
log4j:WARN Please initialize the log4j system properly.
Starting ChromeDriver 2.13.307647 (5a7d0541ebc58e69994a6fb2ed930f45261f3c29) on port 41683
Only local connections are allowed.
[2.224][SEVERE]: Unable to receive message from renderer
</system-err>
  </testcase>
  <testcase classname="com.qtpselenium.zoho.project.testcases.PotentialTest" name="createPotentialTest" time="63.513"/>
  <testcase classname="com.qtpselenium.zoho.project.testcases.LeadTest" name="createLeadTest" time="84.898"/>
  <testcase classname="com.qtpselenium.zoho.project.testcases.LeadTest" name="createLeadTest" time="0.001">
    <skipped/>
  </testcase>
  <testcase classname="com.qtpselenium.zoho.project.testcases.LeadTest" name="createLeadTest" time="0">
    <skipped/>
  </testcase>
  <testcase classname="com.qtpselenium.zoho.project.testcases.LeadTest" name="createLeadTest" time="0">
    <skipped/>
  </testcase>
  <testcase classname="com.qtpselenium.zoho.project.testcases.LeadTest" name="convertLeadTest" time="59.849"/>
  <testcase classname="com.qtpselenium.zoho.project.testcases.LeadTest" name="convertLeadTest" time="0">
    <skipped/>
  </testcase>
  <testcase classname="com.qtpselenium.zoho.project.testcases.LeadTest" name="convertLeadTest" time="0">
    <skipped/>
  </testcase>
  <testcase classname="com.qtpselenium.zoho.project.testcases.LeadTest" name="convertLeadTest" time="0.001">
    <skipped/>
  </testcase>
  <testcase classname="com.qtpselenium.zoho.project.testcases.LeadTest" name="deleteLeadAccountTest" time="60.473">
    <failure message="Lead not found Chambers" type="java.lang.AssertionError">java.lang.AssertionError: Lead not found Chambers
	at org.testng.Assert.fail(Assert.java:94)
	at com.qtpselenium.zoho.project.base.BaseTest.reportFailure(BaseTest.java:183)
	at com.qtpselenium.zoho.project.base.BaseTest.clickOnLead(BaseTest.java:282)
	at com.qtpselenium.zoho.project.testcases.LeadTest.deleteLeadAccountTest(LeadTest.java:88)
</failure>
    <system-out>A
Test starts from row - 13
Total rows are  - 1
Total cols are  - 4
Wilson
Wilson
Steve Jobs
Ravi Kumar
Jaswinder Singh
</system-out>
  </testcase>
  <testcase classname="com.qtpselenium.zoho.project.testcases.PotentialTest" name="deletePotentialAccountTest" time="0"/>
  <testcase classname="com.qtpselenium.zoho.project.AppTest" name="testApp on testApp(com.qtpselenium.zoho.project.AppTest)" time="0"/>
</testsuite>